This is pdfTeX, Version 3.14159265-2.6-1.40.21 (TeX Live 2020/W32TeX) (preloaded format=pdflatex 2020.10.28)  29 OCT 2020 11:05
entering extended mode
 restricted \write18 enabled.
 file:line:error style messages enabled.
 %&-line parsing enabled.
**Total.tex
(./Total.tex
LaTeX2e <2020-10-01> patch level 2
L3 programming layer <2020-10-05> xparse <2020-03-03>
(c:/Users/Alexander Van Werde/texlive/2020/texmf-dist/tex/latex/base/book.cls
Document Class: book 2020/04/10 v1.4m Standard LaTeX document class
(c:/Users/Alexander Van Werde/texlive/2020/texmf-dist/tex/latex/base/bk12.clo
File: bk12.clo 2020/04/10 v1.4m Standard LaTeX file (size option)
)
\c@part=\count175
\c@chapter=\count176
\c@section=\count177
\c@subsection=\count178
\c@subsubsection=\count179
\c@paragraph=\count180
\c@subparagraph=\count181
\c@figure=\count182
\c@table=\count183
\abovecaptionskip=\skip47
\belowcaptionskip=\skip48
\bibindent=\dimen138
) (./DocumentPreamble.sty
(c:/Users/Alexander Van Werde/texlive/2020/texmf-dist/tex/latex/amsmath/amsmath
.sty
Package: amsmath 2020/09/23 v2.17i AMS math features
\@mathmargin=\skip49

For additional information on amsmath, use the `?' option.

(c:/Users/Alexander Van Werde/texlive/2020/texmf-dist/tex/latex/amsmath/amstext
.sty
Package: amstext 2000/06/29 v2.01 AMS text

(c:/Users/Alexander Van Werde/texlive/2020/texmf-dist/tex/latex/amsmath/amsgen.
sty
File: amsgen.sty 1999/11/30 v2.0 generic functions
\@emptytoks=\toks15
\ex@=\dimen139
))
(c:/Users/Alexander Van Werde/texlive/2020/texmf-dist/tex/latex/amsmath/amsbsy.
sty
Package: amsbsy 1999/11/29 v1.2d Bold Symbols
\pmbraise@=\dimen140
)
(c:/Users/Alexander Van Werde/texlive/2020/texmf-dist/tex/latex/amsmath/amsopn.
sty
Package: amsopn 2016/03/08 v2.02 operator names
)
\inf@bad=\count184
LaTeX Info: Redefining \frac on input line 234.
\uproot@=\count185
\leftroot@=\count186
LaTeX Info: Redefining \overline on input line 399.
\classnum@=\count187
\DOTSCASE@=\count188
LaTeX Info: Redefining \ldots on input line 496.
LaTeX Info: Redefining \dots on input line 499.
LaTeX Info: Redefining \cdots on input line 620.
\Mathstrutbox@=\box47
\strutbox@=\box48
\big@size=\dimen141
LaTeX Font Info:    Redeclaring font encoding OML on input line 743.
LaTeX Font Info:    Redeclaring font encoding OMS on input line 744.
\macc@depth=\count189
\c@MaxMatrixCols=\count190
\dotsspace@=\muskip16
\c@parentequation=\count191
\dspbrk@lvl=\count192
\tag@help=\toks16
\row@=\count193
\column@=\count194
\maxfields@=\count195
\andhelp@=\toks17
\eqnshift@=\dimen142
\alignsep@=\dimen143
\tagshift@=\dimen144
\tagwidth@=\dimen145
\totwidth@=\dimen146
\lineht@=\dimen147
\@envbody=\toks18
\multlinegap=\skip50
\multlinetaggap=\skip51
\mathdisplay@stack=\toks19
LaTeX Info: Redefining \[ on input line 2923.
LaTeX Info: Redefining \] on input line 2924.
)
(c:/Users/Alexander Van Werde/texlive/2020/texmf-dist/tex/latex/amscls/amsthm.s
ty
Package: amsthm 2020/05/29 v2.20.6
\thm@style=\toks20
\thm@bodyfont=\toks21
\thm@headfont=\toks22
\thm@notefont=\toks23
\thm@headpunct=\toks24
\thm@preskip=\skip52
\thm@postskip=\skip53
\thm@headsep=\skip54
\dth@everypar=\toks25
)
(c:/Users/Alexander Van Werde/texlive/2020/texmf-dist/tex/latex/amsfonts/amssym
b.sty
Package: amssymb 2013/01/14 v3.01 AMS font symbols

(c:/Users/Alexander Van Werde/texlive/2020/texmf-dist/tex/latex/amsfonts/amsfon
ts.sty
Package: amsfonts 2013/01/14 v3.01 Basic AMSFonts support
\symAMSa=\mathgroup4
\symAMSb=\mathgroup5
LaTeX Font Info:    Redeclaring math symbol \hbar on input line 98.
LaTeX Font Info:    Overwriting math alphabet `\mathfrak' in version `bold'
(Font)                  U/euf/m/n --> U/euf/b/n on input line 106.
))
(c:/Users/Alexander Van Werde/texlive/2020/texmf-dist/tex/latex/jknapltx/mathrs
fs.sty
Package: mathrsfs 1996/01/01 Math RSFS package v1.0 (jk)
\symrsfs=\mathgroup6
)
(c:/Users/Alexander Van Werde/texlive/2020/texmf-dist/tex/latex/bbm-macros/bbm.
sty
Package: bbm 1999/03/15 V 1.2 provides fonts for set symbols - TH
LaTeX Font Info:    Overwriting math alphabet `\mathbbm' in version `bold'
(Font)                  U/bbm/m/n --> U/bbm/bx/n on input line 33.
LaTeX Font Info:    Overwriting math alphabet `\mathbbmss' in version `bold'
(Font)                  U/bbmss/m/n --> U/bbmss/bx/n on input line 35.
)
(c:/Users/Alexander Van Werde/texlive/2020/texmf-dist/tex/latex/tools/bm.sty
Package: bm 2019/07/24 v1.2d Bold Symbol Support (DPC/FMi)
\symboldoperators=\mathgroup7
\symboldletters=\mathgroup8
\symboldsymbols=\mathgroup9
LaTeX Font Info:    Redeclaring math alphabet \mathbf on input line 141.
LaTeX Info: Redefining \bm on input line 209.
)
(c:/Users/Alexander Van Werde/texlive/2020/texmf-dist/tex/latex/stmaryrd/stmary
rd.sty
Package: stmaryrd 1994/03/03 St Mary's Road symbol package
\symstmry=\mathgroup10
LaTeX Font Info:    Overwriting symbol font `stmry' in version `bold'
(Font)                  U/stmry/m/n --> U/stmry/b/n on input line 89.
)
(c:/Users/Alexander Van Werde/texlive/2020/texmf-dist/tex/latex/tikz-cd/tikz-cd
.sty
Package: tikz-cd 2018/11/19 v0.9f Commutative diagrams with TikZ

(c:/Users/Alexander Van Werde/texlive/2020/texmf-dist/tex/latex/pgf/frontendlay
er/tikz.sty
(c:/Users/Alexander Van Werde/texlive/2020/texmf-dist/tex/latex/pgf/basiclayer/
pgf.sty
(c:/Users/Alexander Van Werde/texlive/2020/texmf-dist/tex/latex/pgf/utilities/p
gfrcs.sty
(c:/Users/Alexander Van Werde/texlive/2020/texmf-dist/tex/generic/pgf/utilities
/pgfutil-common.tex
\pgfutil@everybye=\toks26
\pgfutil@tempdima=\dimen148
\pgfutil@tempdimb=\dimen149

(c:/Users/Alexander Van Werde/texlive/2020/texmf-dist/tex/generic/pgf/utilities
/pgfutil-common-lists.tex))
(c:/Users/Alexander Van Werde/texlive/2020/texmf-dist/tex/generic/pgf/utilities
/pgfutil-latex.def
\pgfutil@abb=\box49
)
(c:/Users/Alexander Van Werde/texlive/2020/texmf-dist/tex/generic/pgf/utilities
/pgfrcs.code.tex
(c:/Users/Alexander Van Werde/texlive/2020/texmf-dist/tex/generic/pgf/pgf.revis
ion.tex)
Package: pgfrcs 2020/10/01 v3.1.6a (3.1.6a)
))
Package: pgf 2020/10/01 v3.1.6a (3.1.6a)

(c:/Users/Alexander Van Werde/texlive/2020/texmf-dist/tex/latex/pgf/basiclayer/
pgfcore.sty
(c:/Users/Alexander Van Werde/texlive/2020/texmf-dist/tex/latex/graphics/graphi
cx.sty
Package: graphicx 2020/09/09 v1.2b Enhanced LaTeX Graphics (DPC,SPQR)

(c:/Users/Alexander Van Werde/texlive/2020/texmf-dist/tex/latex/graphics/keyval
.sty
Package: keyval 2014/10/28 v1.15 key=value parser (DPC)
\KV@toks@=\toks27
)
(c:/Users/Alexander Van Werde/texlive/2020/texmf-dist/tex/latex/graphics/graphi
cs.sty
Package: graphics 2020/08/30 v1.4c Standard LaTeX Graphics (DPC,SPQR)

(c:/Users/Alexander Van Werde/texlive/2020/texmf-dist/tex/latex/graphics/trig.s
ty
Package: trig 2016/01/03 v1.10 sin cos tan (DPC)
)
(c:/Users/Alexander Van Werde/texlive/2020/texmf-dist/tex/latex/graphics-cfg/gr
aphics.cfg
File: graphics.cfg 2016/06/04 v1.11 sample graphics configuration
)
Package graphics Info: Driver file: pdftex.def on input line 105.

(c:/Users/Alexander Van Werde/texlive/2020/texmf-dist/tex/latex/graphics-def/pd
ftex.def
File: pdftex.def 2020/10/05 v1.2a Graphics/color driver for pdftex
))
\Gin@req@height=\dimen150
\Gin@req@width=\dimen151
)
(c:/Users/Alexander Van Werde/texlive/2020/texmf-dist/tex/latex/pgf/systemlayer
/pgfsys.sty
(c:/Users/Alexander Van Werde/texlive/2020/texmf-dist/tex/generic/pgf/systemlay
er/pgfsys.code.tex
Package: pgfsys 2020/10/01 v3.1.6a (3.1.6a)

(c:/Users/Alexander Van Werde/texlive/2020/texmf-dist/tex/generic/pgf/utilities
/pgfkeys.code.tex
\pgfkeys@pathtoks=\toks28
\pgfkeys@temptoks=\toks29

(c:/Users/Alexander Van Werde/texlive/2020/texmf-dist/tex/generic/pgf/utilities
/pgfkeysfiltered.code.tex
\pgfkeys@tmptoks=\toks30
))
\pgf@x=\dimen152
\pgf@y=\dimen153
\pgf@xa=\dimen154
\pgf@ya=\dimen155
\pgf@xb=\dimen156
\pgf@yb=\dimen157
\pgf@xc=\dimen158
\pgf@yc=\dimen159
\pgf@xd=\dimen160
\pgf@yd=\dimen161
\w@pgf@writea=\write3
\r@pgf@reada=\read2
\c@pgf@counta=\count196
\c@pgf@countb=\count197
\c@pgf@countc=\count198
\c@pgf@countd=\count199
\t@pgf@toka=\toks31
\t@pgf@tokb=\toks32
\t@pgf@tokc=\toks33
\pgf@sys@id@count=\count266

(c:/Users/Alexander Van Werde/texlive/2020/texmf-dist/tex/generic/pgf/systemlay
er/pgf.cfg
File: pgf.cfg 2020/10/01 v3.1.6a (3.1.6a)
)
Driver file for pgf: pgfsys-pdftex.def

(c:/Users/Alexander Van Werde/texlive/2020/texmf-dist/tex/generic/pgf/systemlay
er/pgfsys-pdftex.def
File: pgfsys-pdftex.def 2020/10/01 v3.1.6a (3.1.6a)

(c:/Users/Alexander Van Werde/texlive/2020/texmf-dist/tex/generic/pgf/systemlay
er/pgfsys-common-pdf.def
File: pgfsys-common-pdf.def 2020/10/01 v3.1.6a (3.1.6a)
)))
(c:/Users/Alexander Van Werde/texlive/2020/texmf-dist/tex/generic/pgf/systemlay
er/pgfsyssoftpath.code.tex
File: pgfsyssoftpath.code.tex 2020/10/01 v3.1.6a (3.1.6a)
\pgfsyssoftpath@smallbuffer@items=\count267
\pgfsyssoftpath@bigbuffer@items=\count268
)
(c:/Users/Alexander Van Werde/texlive/2020/texmf-dist/tex/generic/pgf/systemlay
er/pgfsysprotocol.code.tex
File: pgfsysprotocol.code.tex 2020/10/01 v3.1.6a (3.1.6a)
))
(c:/Users/Alexander Van Werde/texlive/2020/texmf-dist/tex/latex/xcolor/xcolor.s
ty
Package: xcolor 2016/05/11 v2.12 LaTeX color extensions (UK)

(c:/Users/Alexander Van Werde/texlive/2020/texmf-dist/tex/latex/graphics-cfg/co
lor.cfg
File: color.cfg 2016/01/02 v1.6 sample color configuration
)
Package xcolor Info: Driver file: pdftex.def on input line 225.
Package xcolor Info: Model `cmy' substituted by `cmy0' on input line 1348.
Package xcolor Info: Model `hsb' substituted by `rgb' on input line 1352.
Package xcolor Info: Model `RGB' extended on input line 1364.
Package xcolor Info: Model `HTML' substituted by `rgb' on input line 1366.
Package xcolor Info: Model `Hsb' substituted by `hsb' on input line 1367.
Package xcolor Info: Model `tHsb' substituted by `hsb' on input line 1368.
Package xcolor Info: Model `HSB' substituted by `hsb' on input line 1369.
Package xcolor Info: Model `Gray' substituted by `gray' on input line 1370.
Package xcolor Info: Model `wave' substituted by `hsb' on input line 1371.
)
(c:/Users/Alexander Van Werde/texlive/2020/texmf-dist/tex/generic/pgf/basiclaye
r/pgfcore.code.tex
Package: pgfcore 2020/10/01 v3.1.6a (3.1.6a)

(c:/Users/Alexander Van Werde/texlive/2020/texmf-dist/tex/generic/pgf/math/pgfm
ath.code.tex
(c:/Users/Alexander Van Werde/texlive/2020/texmf-dist/tex/generic/pgf/math/pgfm
athcalc.code.tex
(c:/Users/Alexander Van Werde/texlive/2020/texmf-dist/tex/generic/pgf/math/pgfm
athutil.code.tex)
(c:/Users/Alexander Van Werde/texlive/2020/texmf-dist/tex/generic/pgf/math/pgfm
athparser.code.tex
\pgfmath@dimen=\dimen162
\pgfmath@count=\count269
\pgfmath@box=\box50
\pgfmath@toks=\toks34
\pgfmath@stack@operand=\toks35
\pgfmath@stack@operation=\toks36
)
(c:/Users/Alexander Van Werde/texlive/2020/texmf-dist/tex/generic/pgf/math/pgfm
athfunctions.code.tex
(c:/Users/Alexander Van Werde/texlive/2020/texmf-dist/tex/generic/pgf/math/pgfm
athfunctions.basic.code.tex)
(c:/Users/Alexander Van Werde/texlive/2020/texmf-dist/tex/generic/pgf/math/pgfm
athfunctions.trigonometric.code.tex)
(c:/Users/Alexander Van Werde/texlive/2020/texmf-dist/tex/generic/pgf/math/pgfm
athfunctions.random.code.tex)
(c:/Users/Alexander Van Werde/texlive/2020/texmf-dist/tex/generic/pgf/math/pgfm
athfunctions.comparison.code.tex)
(c:/Users/Alexander Van Werde/texlive/2020/texmf-dist/tex/generic/pgf/math/pgfm
athfunctions.base.code.tex)
(c:/Users/Alexander Van Werde/texlive/2020/texmf-dist/tex/generic/pgf/math/pgfm
athfunctions.round.code.tex)
(c:/Users/Alexander Van Werde/texlive/2020/texmf-dist/tex/generic/pgf/math/pgfm
athfunctions.misc.code.tex)
(c:/Users/Alexander Van Werde/texlive/2020/texmf-dist/tex/generic/pgf/math/pgfm
athfunctions.integerarithmetics.code.tex)))
(c:/Users/Alexander Van Werde/texlive/2020/texmf-dist/tex/generic/pgf/math/pgfm
athfloat.code.tex
\c@pgfmathroundto@lastzeros=\count270
))
(c:/Users/Alexander Van Werde/texlive/2020/texmf-dist/tex/generic/pgf/math/pgfi
nt.code.tex)
(c:/Users/Alexander Van Werde/texlive/2020/texmf-dist/tex/generic/pgf/basiclaye
r/pgfcorepoints.code.tex
File: pgfcorepoints.code.tex 2020/10/01 v3.1.6a (3.1.6a)
\pgf@picminx=\dimen163
\pgf@picmaxx=\dimen164
\pgf@picminy=\dimen165
\pgf@picmaxy=\dimen166
\pgf@pathminx=\dimen167
\pgf@pathmaxx=\dimen168
\pgf@pathminy=\dimen169
\pgf@pathmaxy=\dimen170
\pgf@xx=\dimen171
\pgf@xy=\dimen172
\pgf@yx=\dimen173
\pgf@yy=\dimen174
\pgf@zx=\dimen175
\pgf@zy=\dimen176
)
(c:/Users/Alexander Van Werde/texlive/2020/texmf-dist/tex/generic/pgf/basiclaye
r/pgfcorepathconstruct.code.tex
File: pgfcorepathconstruct.code.tex 2020/10/01 v3.1.6a (3.1.6a)
\pgf@path@lastx=\dimen177
\pgf@path@lasty=\dimen178
)
(c:/Users/Alexander Van Werde/texlive/2020/texmf-dist/tex/generic/pgf/basiclaye
r/pgfcorepathusage.code.tex
File: pgfcorepathusage.code.tex 2020/10/01 v3.1.6a (3.1.6a)
\pgf@shorten@end@additional=\dimen179
\pgf@shorten@start@additional=\dimen180
)
(c:/Users/Alexander Van Werde/texlive/2020/texmf-dist/tex/generic/pgf/basiclaye
r/pgfcorescopes.code.tex
File: pgfcorescopes.code.tex 2020/10/01 v3.1.6a (3.1.6a)
\pgfpic=\box51
\pgf@hbox=\box52
\pgf@layerbox@main=\box53
\pgf@picture@serial@count=\count271
)
(c:/Users/Alexander Van Werde/texlive/2020/texmf-dist/tex/generic/pgf/basiclaye
r/pgfcoregraphicstate.code.tex
File: pgfcoregraphicstate.code.tex 2020/10/01 v3.1.6a (3.1.6a)
\pgflinewidth=\dimen181
)
(c:/Users/Alexander Van Werde/texlive/2020/texmf-dist/tex/generic/pgf/basiclaye
r/pgfcoretransformations.code.tex
File: pgfcoretransformations.code.tex 2020/10/01 v3.1.6a (3.1.6a)
\pgf@pt@x=\dimen182
\pgf@pt@y=\dimen183
\pgf@pt@temp=\dimen184
)
(c:/Users/Alexander Van Werde/texlive/2020/texmf-dist/tex/generic/pgf/basiclaye
r/pgfcorequick.code.tex
File: pgfcorequick.code.tex 2020/10/01 v3.1.6a (3.1.6a)
)
(c:/Users/Alexander Van Werde/texlive/2020/texmf-dist/tex/generic/pgf/basiclaye
r/pgfcoreobjects.code.tex
File: pgfcoreobjects.code.tex 2020/10/01 v3.1.6a (3.1.6a)
)
(c:/Users/Alexander Van Werde/texlive/2020/texmf-dist/tex/generic/pgf/basiclaye
r/pgfcorepathprocessing.code.tex
File: pgfcorepathprocessing.code.tex 2020/10/01 v3.1.6a (3.1.6a)
)
(c:/Users/Alexander Van Werde/texlive/2020/texmf-dist/tex/generic/pgf/basiclaye
r/pgfcorearrows.code.tex
File: pgfcorearrows.code.tex 2020/10/01 v3.1.6a (3.1.6a)
\pgfarrowsep=\dimen185
)
(c:/Users/Alexander Van Werde/texlive/2020/texmf-dist/tex/generic/pgf/basiclaye
r/pgfcoreshade.code.tex
File: pgfcoreshade.code.tex 2020/10/01 v3.1.6a (3.1.6a)
\pgf@max=\dimen186
\pgf@sys@shading@range@num=\count272
\pgf@shadingcount=\count273
)
(c:/Users/Alexander Van Werde/texlive/2020/texmf-dist/tex/generic/pgf/basiclaye
r/pgfcoreimage.code.tex
File: pgfcoreimage.code.tex 2020/10/01 v3.1.6a (3.1.6a)

(c:/Users/Alexander Van Werde/texlive/2020/texmf-dist/tex/generic/pgf/basiclaye
r/pgfcoreexternal.code.tex
File: pgfcoreexternal.code.tex 2020/10/01 v3.1.6a (3.1.6a)
\pgfexternal@startupbox=\box54
))
(c:/Users/Alexander Van Werde/texlive/2020/texmf-dist/tex/generic/pgf/basiclaye
r/pgfcorelayers.code.tex
File: pgfcorelayers.code.tex 2020/10/01 v3.1.6a (3.1.6a)
)
(c:/Users/Alexander Van Werde/texlive/2020/texmf-dist/tex/generic/pgf/basiclaye
r/pgfcoretransparency.code.tex
File: pgfcoretransparency.code.tex 2020/10/01 v3.1.6a (3.1.6a)
)
(c:/Users/Alexander Van Werde/texlive/2020/texmf-dist/tex/generic/pgf/basiclaye
r/pgfcorepatterns.code.tex
File: pgfcorepatterns.code.tex 2020/10/01 v3.1.6a (3.1.6a)
)
(c:/Users/Alexander Van Werde/texlive/2020/texmf-dist/tex/generic/pgf/basiclaye
r/pgfcorerdf.code.tex
File: pgfcorerdf.code.tex 2020/10/01 v3.1.6a (3.1.6a)
)))
(c:/Users/Alexander Van Werde/texlive/2020/texmf-dist/tex/generic/pgf/modules/p
gfmoduleshapes.code.tex
File: pgfmoduleshapes.code.tex 2020/10/01 v3.1.6a (3.1.6a)
\pgfnodeparttextbox=\box55
)
(c:/Users/Alexander Van Werde/texlive/2020/texmf-dist/tex/generic/pgf/modules/p
gfmoduleplot.code.tex
File: pgfmoduleplot.code.tex 2020/10/01 v3.1.6a (3.1.6a)
)
(c:/Users/Alexander Van Werde/texlive/2020/texmf-dist/tex/latex/pgf/compatibili
ty/pgfcomp-version-0-65.sty
Package: pgfcomp-version-0-65 2020/10/01 v3.1.6a (3.1.6a)
\pgf@nodesepstart=\dimen187
\pgf@nodesepend=\dimen188
)
(c:/Users/Alexander Van Werde/texlive/2020/texmf-dist/tex/latex/pgf/compatibili
ty/pgfcomp-version-1-18.sty
Package: pgfcomp-version-1-18 2020/10/01 v3.1.6a (3.1.6a)
))
(c:/Users/Alexander Van Werde/texlive/2020/texmf-dist/tex/latex/pgf/utilities/p
gffor.sty
(c:/Users/Alexander Van Werde/texlive/2020/texmf-dist/tex/latex/pgf/utilities/p
gfkeys.sty
(c:/Users/Alexander Van Werde/texlive/2020/texmf-dist/tex/generic/pgf/utilities
/pgfkeys.code.tex))
(c:/Users/Alexander Van Werde/texlive/2020/texmf-dist/tex/latex/pgf/math/pgfmat
h.sty
(c:/Users/Alexander Van Werde/texlive/2020/texmf-dist/tex/generic/pgf/math/pgfm
ath.code.tex))
(c:/Users/Alexander Van Werde/texlive/2020/texmf-dist/tex/generic/pgf/utilities
/pgffor.code.tex
Package: pgffor 2020/10/01 v3.1.6a (3.1.6a)

(c:/Users/Alexander Van Werde/texlive/2020/texmf-dist/tex/generic/pgf/math/pgfm
ath.code.tex)
\pgffor@iter=\dimen189
\pgffor@skip=\dimen190
\pgffor@stack=\toks37
\pgffor@toks=\toks38
))
(c:/Users/Alexander Van Werde/texlive/2020/texmf-dist/tex/generic/pgf/frontendl
ayer/tikz/tikz.code.tex
Package: tikz 2020/10/01 v3.1.6a (3.1.6a)

(c:/Users/Alexander Van Werde/texlive/2020/texmf-dist/tex/generic/pgf/libraries
/pgflibraryplothandlers.code.tex
File: pgflibraryplothandlers.code.tex 2020/10/01 v3.1.6a (3.1.6a)
\pgf@plot@mark@count=\count274
\pgfplotmarksize=\dimen191
)
\tikz@lastx=\dimen192
\tikz@lasty=\dimen193
\tikz@lastxsaved=\dimen194
\tikz@lastysaved=\dimen195
\tikz@lastmovetox=\dimen196
\tikz@lastmovetoy=\dimen197
\tikzleveldistance=\dimen198
\tikzsiblingdistance=\dimen199
\tikz@figbox=\box56
\tikz@figbox@bg=\box57
\tikz@tempbox=\box58
\tikz@tempbox@bg=\box59
\tikztreelevel=\count275
\tikznumberofchildren=\count276
\tikznumberofcurrentchild=\count277
\tikz@fig@count=\count278

(c:/Users/Alexander Van Werde/texlive/2020/texmf-dist/tex/generic/pgf/modules/p
gfmodulematrix.code.tex
File: pgfmodulematrix.code.tex 2020/10/01 v3.1.6a (3.1.6a)
\pgfmatrixcurrentrow=\count279
\pgfmatrixcurrentcolumn=\count280
\pgf@matrix@numberofcolumns=\count281
)
\tikz@expandcount=\count282

(c:/Users/Alexander Van Werde/texlive/2020/texmf-dist/tex/generic/pgf/frontendl
ayer/tikz/libraries/tikzlibrarytopaths.code.tex
File: tikzlibrarytopaths.code.tex 2020/10/01 v3.1.6a (3.1.6a)
)))
(c:/Users/Alexander Van Werde/texlive/2020/texmf-dist/tex/generic/tikz-cd/tikzl
ibrarycd.code.tex
(c:/Users/Alexander Van Werde/texlive/2020/texmf-dist/tex/generic/pgf/frontendl
ayer/tikz/libraries/tikzlibrarymatrix.code.tex
File: tikzlibrarymatrix.code.tex 2020/10/01 v3.1.6a (3.1.6a)
)
(c:/Users/Alexander Van Werde/texlive/2020/texmf-dist/tex/generic/pgf/frontendl
ayer/tikz/libraries/tikzlibraryquotes.code.tex
File: tikzlibraryquotes.code.tex 2020/10/01 v3.1.6a (3.1.6a)
)
(c:/Users/Alexander Van Werde/texlive/2020/texmf-dist/tex/generic/pgf/libraries
/pgflibraryarrows.meta.code.tex
File: pgflibraryarrows.meta.code.tex 2020/10/01 v3.1.6a (3.1.6a)
\pgfarrowinset=\dimen256
\pgfarrowlength=\dimen257
\pgfarrowwidth=\dimen258
\pgfarrowlinewidth=\dimen259
)))
(c:/Users/Alexander Van Werde/texlive/2020/texmf-dist/tex/latex/hyperref/hyperr
ef.sty
Package: hyperref 2020-05-15 v7.00e Hypertext links for LaTeX

(c:/Users/Alexander Van Werde/texlive/2020/texmf-dist/tex/generic/ltxcmds/ltxcm
ds.sty
Package: ltxcmds 2020-05-10 v1.25 LaTeX kernel commands for general use (HO)
)
(c:/Users/Alexander Van Werde/texlive/2020/texmf-dist/tex/generic/iftex/iftex.s
ty
Package: iftex 2020/03/06 v1.0d TeX engine tests
)
(c:/Users/Alexander Van Werde/texlive/2020/texmf-dist/tex/generic/pdftexcmds/pd
ftexcmds.sty
Package: pdftexcmds 2020-06-27 v0.33 Utility functions of pdfTeX for LuaTeX (HO
)

(c:/Users/Alexander Van Werde/texlive/2020/texmf-dist/tex/generic/infwarerr/inf
warerr.sty
Package: infwarerr 2019/12/03 v1.5 Providing info/warning/error messages (HO)
)
Package pdftexcmds Info: \pdf@primitive is available.
Package pdftexcmds Info: \pdf@ifprimitive is available.
Package pdftexcmds Info: \pdfdraftmode found.
)
(c:/Users/Alexander Van Werde/texlive/2020/texmf-dist/tex/generic/kvsetkeys/kvs
etkeys.sty
Package: kvsetkeys 2019/12/15 v1.18 Key value parser (HO)
)
(c:/Users/Alexander Van Werde/texlive/2020/texmf-dist/tex/generic/kvdefinekeys/
kvdefinekeys.sty
Package: kvdefinekeys 2019-12-19 v1.6 Define keys (HO)
)
(c:/Users/Alexander Van Werde/texlive/2020/texmf-dist/tex/generic/pdfescape/pdf
escape.sty
Package: pdfescape 2019/12/09 v1.15 Implements pdfTeX's escape features (HO)
)
(c:/Users/Alexander Van Werde/texlive/2020/texmf-dist/tex/latex/hycolor/hycolor
.sty
Package: hycolor 2020-01-27 v1.10 Color options for hyperref/bookmark (HO)
)
(c:/Users/Alexander Van Werde/texlive/2020/texmf-dist/tex/latex/letltxmacro/let
ltxmacro.sty
Package: letltxmacro 2019/12/03 v1.6 Let assignment for LaTeX macros (HO)
)
(c:/Users/Alexander Van Werde/texlive/2020/texmf-dist/tex/latex/auxhook/auxhook
.sty
Package: auxhook 2019-12-17 v1.6 Hooks for auxiliary files (HO)
)
(c:/Users/Alexander Van Werde/texlive/2020/texmf-dist/tex/latex/kvoptions/kvopt
ions.sty
Package: kvoptions 2020-10-07 v3.14 Key value format for package options (HO)
)
\@linkdim=\dimen260
\Hy@linkcounter=\count283
\Hy@pagecounter=\count284

(c:/Users/Alexander Van Werde/texlive/2020/texmf-dist/tex/latex/hyperref/pd1enc
.def
File: pd1enc.def 2020-05-15 v7.00e Hyperref: PDFDocEncoding definition (HO)
Now handling font encoding PD1 ...
... no UTF-8 mapping file for font encoding PD1
)
(c:/Users/Alexander Van Werde/texlive/2020/texmf-dist/tex/generic/intcalc/intca
lc.sty
Package: intcalc 2019/12/15 v1.3 Expandable calculations with integers (HO)
)
(c:/Users/Alexander Van Werde/texlive/2020/texmf-dist/tex/generic/etexcmds/etex
cmds.sty
Package: etexcmds 2019/12/15 v1.7 Avoid name clashes with e-TeX commands (HO)
)
\Hy@SavedSpaceFactor=\count285
Package hyperref Info: Hyper figures OFF on input line 4464.
Package hyperref Info: Link nesting OFF on input line 4469.
Package hyperref Info: Hyper index ON on input line 4472.
Package hyperref Info: Plain pages OFF on input line 4479.
Package hyperref Info: Backreferencing OFF on input line 4484.
Package hyperref Info: Implicit mode ON; LaTeX internals redefined.
Package hyperref Info: Bookmarks ON on input line 4717.
\c@Hy@tempcnt=\count286

(c:/Users/Alexander Van Werde/texlive/2020/texmf-dist/tex/latex/url/url.sty
\Urlmuskip=\muskip17
Package: url 2013/09/16  ver 3.4  Verb mode for urls, etc.
)
LaTeX Info: Redefining \url on input line 5076.
\XeTeXLinkMargin=\dimen261

(c:/Users/Alexander Van Werde/texlive/2020/texmf-dist/tex/generic/bitset/bitset
.sty
Package: bitset 2019/12/09 v1.3 Handle bit-vector datatype (HO)

(c:/Users/Alexander Van Werde/texlive/2020/texmf-dist/tex/generic/bigintcalc/bi
gintcalc.sty
Package: bigintcalc 2019/12/15 v1.5 Expandable calculations on big integers (HO
)
))
\Fld@menulength=\count287
\Field@Width=\dimen262
\Fld@charsize=\dimen263
Package hyperref Info: Hyper figures OFF on input line 6347.
Package hyperref Info: Link nesting OFF on input line 6352.
Package hyperref Info: Hyper index ON on input line 6355.
Package hyperref Info: backreferencing OFF on input line 6362.
Package hyperref Info: Link coloring OFF on input line 6367.
Package hyperref Info: Link coloring with OCG OFF on input line 6372.
Package hyperref Info: PDF/A mode OFF on input line 6377.
LaTeX Info: Redefining \ref on input line 6417.
LaTeX Info: Redefining \pageref on input line 6421.

(c:/Users/Alexander Van Werde/texlive/2020/texmf-dist/tex/latex/base/atbegshi-l
tx.sty
Package: atbegshi-ltx 2020/08/17 v1.0a Emulation of the original atbegshi packa
ge
with kernel methods
)
\Hy@abspage=\count288
\c@Item=\count289
\c@Hfootnote=\count290
)
Package hyperref Info: Driver (autodetected): hpdftex.

(c:/Users/Alexander Van Werde/texlive/2020/texmf-dist/tex/latex/hyperref/hpdfte
x.def
File: hpdftex.def 2020-05-15 v7.00e Hyperref driver for pdfTeX

(c:/Users/Alexander Van Werde/texlive/2020/texmf-dist/tex/latex/base/atveryend-
ltx.sty
Package: atveryend-ltx 2020/08/19 v1.0a Emulation of the original atvery packag
e
with kernel methods
)
\Fld@listcount=\count291
\c@bookmark@seq@number=\count292

(c:/Users/Alexander Van Werde/texlive/2020/texmf-dist/tex/latex/rerunfilecheck/
rerunfilecheck.sty
Package: rerunfilecheck 2019/12/05 v1.9 Rerun checks for auxiliary files (HO)

(c:/Users/Alexander Van Werde/texlive/2020/texmf-dist/tex/generic/uniquecounter
/uniquecounter.sty
Package: uniquecounter 2019/12/15 v1.4 Provide unlimited unique counter (HO)
)
Package uniquecounter Info: New unique counter `rerunfilecheck' on input line 2
86.
)
\Hy@SectionHShift=\skip55
)
(c:/Users/Alexander Van Werde/texlive/2020/texmf-dist/tex/latex/microtype/micro
type.sty
Package: microtype 2019/11/18 v2.7d Micro-typographical refinements (RS)
\MT@toks=\toks39
\MT@count=\count293
LaTeX Info: Redefining \textls on input line 790.
\MT@outer@kern=\dimen264
LaTeX Info: Redefining \textmicrotypecontext on input line 1354.
\MT@listname@count=\count294

(c:/Users/Alexander Van Werde/texlive/2020/texmf-dist/tex/latex/microtype/micro
type-pdftex.def
File: microtype-pdftex.def 2019/11/18 v2.7d Definitions specific to pdftex (RS)

LaTeX Info: Redefining \lsstyle on input line 914.
LaTeX Info: Redefining \lslig on input line 914.
\MT@outer@space=\skip56
)
Package microtype Info: Loading configuration file microtype.cfg.

(c:/Users/Alexander Van Werde/texlive/2020/texmf-dist/tex/latex/microtype/micro
type.cfg
File: microtype.cfg 2019/11/18 v2.7d microtype main configuration file (RS)
))
(c:/Users/Alexander Van Werde/texlive/2020/texmf-dist/tex/latex/float/float.sty
Package: float 2001/11/08 v1.3d Float enhancements (AL)
\c@float@type=\count295
\float@exts=\toks40
\float@box=\box60
\@float@everytoks=\toks41
\@floatcapt=\box61
)
(c:/Users/Alexander Van Werde/texlive/2020/texmf-dist/tex/latex/wrapfig/wrapfig
.sty
\wrapoverhang=\dimen265
\WF@size=\dimen266
\c@WF@wrappedlines=\count296
\WF@box=\box62
\WF@everypar=\toks42
Package: wrapfig 2003/01/31  v 3.6
)
(c:/Users/Alexander Van Werde/texlive/2020/texmf-dist/tex/latex/caption/caption
.sty
Package: caption 2020/10/26 v3.5g Customizing captions (AR)

(c:/Users/Alexander Van Werde/texlive/2020/texmf-dist/tex/latex/caption/caption
3.sty
Package: caption3 2020/10/21 v2.2e caption3 kernel (AR)
\captionmargin=\dimen267
\captionmargin@=\dimen268
\captionwidth=\dimen269
\caption@tempdima=\dimen270
\caption@indent=\dimen271
\caption@parindent=\dimen272
\caption@hangindent=\dimen273
Package caption Info: Standard document class detected.
)
\c@caption@flags=\count297
\c@continuedfloat=\count298
Package caption Info: float package is loaded.
Package caption Info: hyperref package is loaded.
Package caption Info: wrapfig package is loaded.
)
(c:/Users/Alexander Van Werde/texlive/2020/texmf-dist/tex/latex/todonotes/todon
otes.sty
Package: todonotes 2020/08/18 v1.1.3 Todonotes source and documentation.
Package: todonotes 2018/11/22

(c:/Users/Alexander Van Werde/texlive/2020/texmf-dist/tex/latex/base/ifthen.sty
Package: ifthen 2014/09/29 v1.1c Standard LaTeX ifthen package (DPC)
)
(c:/Users/Alexander Van Werde/texlive/2020/texmf-dist/tex/latex/xkeyval/xkeyval
.sty
Package: xkeyval 2014/12/03 v2.7a package option processing (HA)

(c:/Users/Alexander Van Werde/texlive/2020/texmf-dist/tex/generic/xkeyval/xkeyv
al.tex
(c:/Users/Alexander Van Werde/texlive/2020/texmf-dist/tex/generic/xkeyval/xkvut
ils.tex
\XKV@toks=\toks43
\XKV@tempa@toks=\toks44
)
\XKV@depth=\count299
File: xkeyval.tex 2014/12/03 v2.7a key=value parser (HA)
))
(c:/Users/Alexander Van Werde/texlive/2020/texmf-dist/tex/generic/pgf/frontendl
ayer/tikz/libraries/tikzlibrarypositioning.code.tex
File: tikzlibrarypositioning.code.tex 2020/10/01 v3.1.6a (3.1.6a)
)
(c:/Users/Alexander Van Werde/texlive/2020/texmf-dist/tex/generic/pgf/frontendl
ayer/tikz/libraries/tikzlibraryshadows.code.tex
File: tikzlibraryshadows.code.tex 2020/10/01 v3.1.6a (3.1.6a)

(c:/Users/Alexander Van Werde/texlive/2020/texmf-dist/tex/generic/pgf/frontendl
ayer/tikz/libraries/tikzlibraryfadings.code.tex
File: tikzlibraryfadings.code.tex 2020/10/01 v3.1.6a (3.1.6a)

(c:/Users/Alexander Van Werde/texlive/2020/texmf-dist/tex/generic/pgf/libraries
/pgflibraryfadings.code.tex
File: pgflibraryfadings.code.tex 2020/10/01 v3.1.6a (3.1.6a)
)))
(c:/Users/Alexander Van Werde/texlive/2020/texmf-dist/tex/latex/tools/calc.sty
Package: calc 2017/05/25 v4.3 Infix arithmetic (KKT,FJ)
\calc@Acount=\count300
\calc@Bcount=\count301
\calc@Adimen=\dimen274
\calc@Bdimen=\dimen275
\calc@Askip=\skip57
\calc@Bskip=\skip58
LaTeX Info: Redefining \setlength on input line 80.
LaTeX Info: Redefining \addtolength on input line 81.
\calc@Ccount=\count302
\calc@Cskip=\skip59
)
\c@@todonotes@numberoftodonotes=\count303
)
(c:/Users/Alexander Van Werde/texlive/2020/texmf-dist/tex/latex/enumitem/enumit
em.sty
Package: enumitem 2019/06/20 v3.9 Customized lists
\labelindent=\skip60
\enit@outerparindent=\dimen276
\enit@toks=\toks45
\enit@inbox=\box63
\enit@count@id=\count304
\enitdp@description=\count305
)
(c:/Users/Alexander Van Werde/texlive/2020/texmf-dist/tex/latex/lipsum/lipsum.s
ty
(c:/Users/Alexander Van Werde/texlive/2020/texmf-dist/tex/latex/l3kernel/expl3.
sty
Package: expl3 2020-10-05 L3 programming layer (loader) 

(c:/Users/Alexander Van Werde/texlive/2020/texmf-dist/tex/latex/l3backend/l3bac
kend-pdftex.def
File: l3backend-pdftex.def 2020-09-24 L3 backend support: PDF output (pdfTeX)
\l__kernel_color_stack_int=\count306
\l__pdf_internal_box=\box64
))
(c:/Users/Alexander Van Werde/texlive/2020/texmf-dist/tex/latex/l3packages/xpar
se/xparse.sty
Package: xparse 2020-10-05 L3 Experimental document command parser

(c:/Users/Alexander Van Werde/texlive/2020/texmf-dist/tex/latex/l3packages/xpar
se/xparse-generic.tex))
Package: lipsum 2019/01/02 v2.2 150 paragraphs of Lorem Ipsum dummy text

(c:/Users/Alexander Van Werde/texlive/2020/texmf-dist/tex/latex/lipsum/lipsum.l
td.tex
File: lipsum.ltd.tex 2019/01/02 v2.2 The Lorem ipsum dummy text
))
(c:/Users/Alexander Van Werde/texlive/2020/texmf-dist/tex/latex/cleveref/clever
ef.sty
Package: cleveref 2018/03/27 v0.21.4 Intelligent cross-referencing
Package cleveref Info: `hyperref' support loaded on input line 2370.
LaTeX Info: Redefining \cref on input line 2370.
LaTeX Info: Redefining \Cref on input line 2370.
LaTeX Info: Redefining \crefrange on input line 2370.
LaTeX Info: Redefining \Crefrange on input line 2370.
LaTeX Info: Redefining \cpageref on input line 2370.
LaTeX Info: Redefining \Cpageref on input line 2370.
LaTeX Info: Redefining \cpagerefrange on input line 2370.
LaTeX Info: Redefining \Cpagerefrange on input line 2370.
LaTeX Info: Redefining \labelcref on input line 2370.
LaTeX Info: Redefining \labelcpageref on input line 2370.
Package cleveref Info: `amsthm' support loaded on input line 3026.
)
(c:/Users/Alexander Van Werde/texlive/2020/texmf-dist/tex/latex/mdframed/mdfram
ed.sty
Package: mdframed 2013/07/01 1.9b: mdframed

(c:/Users/Alexander Van Werde/texlive/2020/texmf-dist/tex/latex/etoolbox/etoolb
ox.sty
Package: etoolbox 2020/10/05 v2.5k e-TeX tools for LaTeX (JAW)
\etb@tempcnta=\count307
)
(c:/Users/Alexander Van Werde/texlive/2020/texmf-dist/tex/latex/zref/zref-abspa
ge.sty
Package: zref-abspage 2020-07-03 v2.32 Module abspage for zref (HO)

(c:/Users/Alexander Van Werde/texlive/2020/texmf-dist/tex/latex/zref/zref-base.
sty
Package: zref-base 2020-07-03 v2.32 Module base for zref (HO)
Package zref Info: New property list: main on input line 764.
Package zref Info: New property: default on input line 765.
Package zref Info: New property: page on input line 766.
)
\c@abspage=\count308
Package zref Info: New property: abspage on input line 66.
)
(c:/Users/Alexander Van Werde/texlive/2020/texmf-dist/tex/latex/needspace/needs
pace.sty
Package: needspace 2010/09/12 v1.3d reserve vertical space
)
\mdf@templength=\skip61
\c@mdf@globalstyle@cnt=\count309
\mdf@skipabove@length=\skip62
\mdf@skipbelow@length=\skip63
\mdf@leftmargin@length=\skip64
\mdf@rightmargin@length=\skip65
\mdf@innerleftmargin@length=\skip66
\mdf@innerrightmargin@length=\skip67
\mdf@innertopmargin@length=\skip68
\mdf@innerbottommargin@length=\skip69
\mdf@splittopskip@length=\skip70
\mdf@splitbottomskip@length=\skip71
\mdf@outermargin@length=\skip72
\mdf@innermargin@length=\skip73
\mdf@linewidth@length=\skip74
\mdf@innerlinewidth@length=\skip75
\mdf@middlelinewidth@length=\skip76
\mdf@outerlinewidth@length=\skip77
\mdf@roundcorner@length=\skip78
\mdf@footenotedistance@length=\skip79
\mdf@userdefinedwidth@length=\skip80
\mdf@needspace@length=\skip81
\mdf@frametitleaboveskip@length=\skip82
\mdf@frametitlebelowskip@length=\skip83
\mdf@frametitlerulewidth@length=\skip84
\mdf@frametitleleftmargin@length=\skip85
\mdf@frametitlerightmargin@length=\skip86
\mdf@shadowsize@length=\skip87
\mdf@extratopheight@length=\skip88
\mdf@subtitleabovelinewidth@length=\skip89
\mdf@subtitlebelowlinewidth@length=\skip90
\mdf@subtitleaboveskip@length=\skip91
\mdf@subtitlebelowskip@length=\skip92
\mdf@subtitleinneraboveskip@length=\skip93
\mdf@subtitleinnerbelowskip@length=\skip94
\mdf@subsubtitleabovelinewidth@length=\skip95
\mdf@subsubtitlebelowlinewidth@length=\skip96
\mdf@subsubtitleaboveskip@length=\skip97
\mdf@subsubtitlebelowskip@length=\skip98
\mdf@subsubtitleinneraboveskip@length=\skip99
\mdf@subsubtitleinnerbelowskip@length=\skip100

(c:/Users/Alexander Van Werde/texlive/2020/texmf-dist/tex/latex/mdframed/md-fra
me-1.mdf
File: md-frame-1.mdf 2013/07/01\ 1.9b: md-frame-1
)
\mdf@frametitlebox=\box65
\mdf@footnotebox=\box66
\mdf@splitbox@one=\box67
\mdf@splitbox@two=\box68
\mdf@splitbox@save=\box69
\mdfsplitboxwidth=\skip101
\mdfsplitboxtotalwidth=\skip102
\mdfsplitboxheight=\skip103
\mdfsplitboxdepth=\skip104
\mdfsplitboxtotalheight=\skip105
\mdfframetitleboxwidth=\skip106
\mdfframetitleboxtotalwidth=\skip107
\mdfframetitleboxheight=\skip108
\mdfframetitleboxdepth=\skip109
\mdfframetitleboxtotalheight=\skip110
\mdffootnoteboxwidth=\skip111
\mdffootnoteboxtotalwidth=\skip112
\mdffootnoteboxheight=\skip113
\mdffootnoteboxdepth=\skip114
\mdffootnoteboxtotalheight=\skip115
\mdftotallinewidth=\skip116
\mdfboundingboxwidth=\skip117
\mdfboundingboxtotalwidth=\skip118
\mdfboundingboxheight=\skip119
\mdfboundingboxdepth=\skip120
\mdfboundingboxtotalheight=\skip121
\mdf@freevspace@length=\skip122
\mdf@horizontalwidthofbox@length=\skip123
\mdf@verticalmarginwhole@length=\skip124
\mdf@horizontalspaceofbox=\skip125
\mdfsubtitleheight=\skip126
\mdfsubsubtitleheight=\skip127
\c@mdfcountframes=\count310

****** mdframed patching \endmdf@trivlist

****** -- success******

\mdf@envdepth=\count311
\c@mdf@env@i=\count312
\c@mdf@env@ii=\count313
\c@mdf@zref@counter=\count314
Package zref Info: New property: mdf@pagevalue on input line 895.
)
(c:/Users/Alexander Van Werde/texlive/2020/texmf-dist/tex/latex/siunitx/siunitx
.sty
Package: siunitx 2020/02/25 v2.8b A comprehensive (SI) units package

(c:/Users/Alexander Van Werde/texlive/2020/texmf-dist/tex/latex/tools/array.sty
Package: array 2020/10/01 v2.5c Tabular extension package (FMi)
\col@sep=\dimen277
\ar@mcellbox=\box70
\extrarowheight=\dimen278
\NC@list=\toks46
\extratabsurround=\skip128
\backup@length=\skip129
\ar@cellbox=\box71
)
(c:/Users/Alexander Van Werde/texlive/2020/texmf-dist/tex/latex/l3packages/l3ke
ys2e/l3keys2e.sty
Package: l3keys2e 2020-10-05 LaTeX2e option processing using LaTeX3 keys
)
\l__siunitx_tmp_box=\box72
\l__siunitx_tmp_dim=\dimen279
\l__siunitx_tmp_int=\count315
\l__siunitx_number_mantissa_length_int=\count316
\l__siunitx_number_uncert_length_int=\count317
\l__siunitx_round_int=\count318
\l__siunitx_process_decimal_int=\count319
\l__siunitx_process_uncertainty_int=\count320
\l__siunitx_process_fixed_int=\count321
\l__siunitx_process_integer_min_int=\count322
\l__siunitx_process_precision_int=\count323
\l__siunitx_group_min_int=\count324
\l__siunitx_angle_marker_box=\box73
\l__siunitx_angle_unit_box=\box74
\l__siunitx_angle_marker_dim=\dimen280
\l__siunitx_angle_unit_dim=\dimen281
\l__siunitx_unit_int=\count325
\l__siunitx_unit_denominator_int=\count326
\l__siunitx_unit_numerator_int=\count327
\l__siunitx_unit_prefix_int=\count328
\l__siunitx_unit_prefix_base_int=\count329
\l__siunitx_unit_prefix_gram_int=\count330
\l__siunitx_number_product_int=\count331
\c__siunitx_one_fill_skip=\skip130
\l__siunitx_table_unit_align_skip=\skip131
\l__siunitx_table_exponent_dim=\dimen282
\l__siunitx_table_integer_dim=\dimen283
\l__siunitx_table_mantissa_dim=\dimen284
\l__siunitx_table_marker_dim=\dimen285
\l__siunitx_table_result_dim=\dimen286
\l__siunitx_table_uncert_dim=\dimen287
\l__siunitx_table_fill_pre_dim=\dimen288
\l__siunitx_table_fill_post_dim=\dimen289
\l__siunitx_table_fill_mid_dim=\dimen290
\l__siunitx_table_pre_box=\box75
\l__siunitx_table_post_box=\box76
\l__siunitx_table_mantissa_box=\box77
\l__siunitx_table_result_box=\box78
\l__siunitx_table_number_align_skip=\skip132
\l__siunitx_table_text_align_skip=\skip133

(c:/Users/Alexander Van Werde/texlive/2020/texmf-dist/tex/latex/translator/tran
slator.sty
Package: translator 2020-08-03 v1.12c Easy translation of strings in LaTeX
))
\c@definition=\count332
\c@theorem=\count333
\c@lemma*=\count334

(c:/Users/Alexander Van Werde/texlive/2020/texmf-dist/tex/latex/base/fix-cm.sty
Package: fix-cm 2015/01/14 v1.1t fixes to LaTeX

(c:/Users/Alexander Van Werde/texlive/2020/texmf-dist/tex/latex/base/ts1enc.def
File: ts1enc.def 2001/06/05 v3.0e (jk/car/fm) Standard LaTeX file
LaTeX Font Info:    Redeclaring font encoding TS1 on input line 47.
))
(c:/Users/Alexander Van Werde/texlive/2020/texmf-dist/tex/latex/textpos/textpos
.sty
Package: textpos 2020/09/26 v1.10

Package: textpos 2020/09/26 1.10, absolute positioning of text on the page
Package textpos Info: choosing support for LaTeX3 on input line 61.
\TP@textbox=\box79
\TPHorizModule=\dimen291
\TPVertModule=\dimen292
\TP@margin=\dimen293
\TP@absmargin=\dimen294
Grid set 16 x 16 = 37.34424pt x 52.81541pt
\TPboxrulesize=\dimen295
\TP@tbargs=\toks47
)
(c:/Users/Alexander Van Werde/texlive/2020/texmf-dist/tex/latex/natbib/natbib.s
ty
Package: natbib 2010/09/13 8.31b (PWD, AO)
\bibhang=\skip134
\bibsep=\skip135
LaTeX Info: Redefining \cite on input line 694.
\c@NAT@ctr=\count335
)
(c:/Users/Alexander Van Werde/texlive/2020/texmf-dist/tex/latex/emptypage/empty
page.sty
Package: emptypage 2010/05/30 v1.2 Suppress page numbers and headings on empty 
pages
)
(c:/Users/Alexander Van Werde/texlive/2020/texmf-dist/tex/latex/appendix/append
ix.sty
Package: appendix 2020/02/08 v1.2c extra appendix facilities
\c@@pps=\count336
\c@@ppsavesec=\count337
\c@@ppsaveapp=\count338
)
(c:/Users/Alexander Van Werde/texlive/2020/texmf-dist/tex/latex/glossaries/base
/glossaries.sty
Package: glossaries 2020/03/19 v4.46 (NLCT)

(c:/Users/Alexander Van Werde/texlive/2020/texmf-dist/tex/latex/mfirstuc/mfirst
uc.sty
Package: mfirstuc 2017/11/14 v2.06 (NLCT)
\@glsmfirst=\toks48
\@glsmrest=\toks49
)
(c:/Users/Alexander Van Werde/texlive/2020/texmf-dist/tex/latex/textcase/textca
se.sty
Package: textcase 2019/09/14 v1.00 Text only upper/lower case changing (DPC)
)
(c:/Users/Alexander Van Werde/texlive/2020/texmf-dist/tex/latex/xfor/xfor.sty
Package: xfor 2009/02/05 v1.05 (NLCT)
)
(c:/Users/Alexander Van Werde/texlive/2020/texmf-dist/tex/latex/datatool/datato
ol-base.sty
Package: datatool-base 2019/09/27 v2.32 (NLCT)

(c:/Users/Alexander Van Werde/texlive/2020/texmf-dist/tex/latex/substr/substr.s
ty
Package: substr 2009/10/20 v1.2 Handle substrings
\c@su@anzahl=\count339
)
(c:/Users/Alexander Van Werde/texlive/2020/texmf-dist/tex/latex/datatool/datato
ol-fp.sty
Package: datatool-fp 2019/09/27 v2.32 (NLCT)

(c:/Users/Alexander Van Werde/texlive/2020/texmf-dist/tex/latex/fp/fp.sty
Package: fp 1995/04/02

`Fixed Point Package', Version 0.8, April 2, 1995 (C) Michael Mehlich
(c:/Users/Alexander Van Werde/texlive/2020/texmf-dist/tex/latex/fp/defpattern.s
ty
Package: defpattern 1994/10/12
\actioncount=\count340
)
(c:/Users/Alexander Van Werde/texlive/2020/texmf-dist/tex/latex/fp/fp-basic.sty
Package: fp-basic 1996/05/13
\FP@xs=\count341
\FP@xia=\count342
\FP@xib=\count343
\FP@xfa=\count344
\FP@xfb=\count345
\FP@rega=\count346
\FP@regb=\count347
\FP@regs=\count348
\FP@times=\count349
)
(c:/Users/Alexander Van Werde/texlive/2020/texmf-dist/tex/latex/fp/fp-addons.st
y
Package: fp-addons 1995/03/15
)
(c:/Users/Alexander Van Werde/texlive/2020/texmf-dist/tex/latex/fp/fp-snap.sty
Package: fp-snap 1995/04/05
) (c:/Users/Alexander Van Werde/texlive/2020/texmf-dist/tex/latex/fp/fp-exp.sty
Package: fp-exp 1995/04/03
)
(c:/Users/Alexander Van Werde/texlive/2020/texmf-dist/tex/latex/fp/fp-trigo.sty
Package: fp-trigo 1995/04/14
) (c:/Users/Alexander Van Werde/texlive/2020/texmf-dist/tex/latex/fp/fp-pas.sty
Package: fp-pas 1994/08/29
)
(c:/Users/Alexander Van Werde/texlive/2020/texmf-dist/tex/latex/fp/fp-random.st
y
Package: fp-random 1995/02/23
\FPseed=\count350
)
(c:/Users/Alexander Van Werde/texlive/2020/texmf-dist/tex/latex/fp/fp-eqn.sty
Package: fp-eqn 1995/04/03
)
(c:/Users/Alexander Van Werde/texlive/2020/texmf-dist/tex/latex/fp/fp-upn.sty
Package: fp-upn 1996/10/21
)
(c:/Users/Alexander Van Werde/texlive/2020/texmf-dist/tex/latex/fp/fp-eval.sty
Package: fp-eval 1995/04/03
)))
\@dtl@toks=\toks50
\@dtl@tmpcount=\count351
\dtl@tmplength=\skip136
\dtl@sortresult=\count352
\@dtl@numgrpsepcount=\count353
\@dtl@datatype=\count354
\dtl@codeA=\count355
\dtl@codeB=\count356
\@dtl@foreach@level=\count357
)
(c:/Users/Alexander Van Werde/texlive/2020/texmf-dist/tex/latex/glossaries/base
/glossaries-compatible-307.sty
Package: glossaries-compatible-307 2020/03/19 v4.46 (NLCT)
)
(c:/Users/Alexander Van Werde/texlive/2020/texmf-dist/tex/latex/tracklang/track
lang.sty
Package: tracklang 2020/06/30 v1.5 (NLCT) Track Languages

(c:/Users/Alexander Van Werde/texlive/2020/texmf-dist/tex/generic/tracklang/tra
cklang.tex))
(c:/Users/Alexander Van Werde/texlive/2020/texmf-dist/tex/latex/glossaries-engl
ish/glossaries-english.ldf
File: glossaries-english.ldf 2014/11/23 v1.0
)
\gls@level=\count358
\@gls@tmpb=\toks51
\gls@tmplen=\skip137
\glskeylisttok=\toks52
\glslabeltok=\toks53
\glsshorttok=\toks54
\glslongtok=\toks55

(c:/Users/Alexander Van Werde/texlive/2020/texmf-dist/tex/latex/glossaries/styl
es/glossary-hypernav.sty
Package: glossary-hypernav 2020/03/19 v4.46 (NLCT)
)
(c:/Users/Alexander Van Werde/texlive/2020/texmf-dist/tex/latex/glossaries/styl
es/glossary-list.sty
Package: glossary-list 2020/03/19 v4.46 (NLCT)
\glslistdottedwidth=\skip138
)
(c:/Users/Alexander Van Werde/texlive/2020/texmf-dist/tex/latex/glossaries/styl
es/glossary-long.sty
Package: glossary-long 2020/03/19 v4.46 (NLCT)

(c:/Users/Alexander Van Werde/texlive/2020/texmf-dist/tex/latex/tools/longtable
.sty
Package: longtable 2020/01/07 v4.13 Multi-page Table package (DPC)
\LTleft=\skip139
\LTright=\skip140
\LTpre=\skip141
\LTpost=\skip142
\LTchunksize=\count359
\LTcapwidth=\dimen296
\LT@head=\box80
\LT@firsthead=\box81
\LT@foot=\box82
\LT@lastfoot=\box83
\LT@cols=\count360
\LT@rows=\count361
\c@LT@tables=\count362
\c@LT@chunks=\count363
\LT@p@ftn=\toks56
)
\glsdescwidth=\skip143
\glspagelistwidth=\skip144
)
(c:/Users/Alexander Van Werde/texlive/2020/texmf-dist/tex/latex/glossaries/styl
es/glossary-super.sty
Package: glossary-super 2020/03/19 v4.46 (NLCT)

(c:/Users/Alexander Van Werde/texlive/2020/texmf-dist/tex/latex/supertabular/su
pertabular.sty
Package: supertabular 2020/02/02 v4.1g the supertabular environment
\c@tracingst=\count364
\ST@wd=\dimen297
\ST@rightskip=\skip145
\ST@leftskip=\skip146
\ST@parfillskip=\skip147
\ST@pageleft=\dimen298
\ST@headht=\dimen299
\ST@tailht=\dimen300
\ST@pagesofar=\dimen301
\ST@pboxht=\dimen302
\ST@lineht=\dimen303
\ST@prevht=\dimen304
\ST@toadd=\dimen305
\ST@dimen=\dimen306
\ST@pbox=\box84
))
(c:/Users/Alexander Van Werde/texlive/2020/texmf-dist/tex/latex/glossaries/styl
es/glossary-tree.sty
Package: glossary-tree 2020/03/19 v4.46 (NLCT)
\glstreeindent=\skip148
))
\glswrite=\write4
\glo@main@file=\write5
\openout5 = `Total.glo'.

Package glossaries Info: Writing glossary file Total.glo on input line 131.
\glo@acronym@file=\write6
\openout6 = `Total.acn'.

Package glossaries Info: Writing glossary file Total.acn on input line 131.
 (./Preamble/Symbols.tex)) (./Total.aux)
\openout1 = `Total.aux'.

LaTeX Font Info:    Checking defaults for OML/cmm/m/it on input line 10.
LaTeX Font Info:    ... okay on input line 10.
LaTeX Font Info:    Checking defaults for OMS/cmsy/m/n on input line 10.
LaTeX Font Info:    ... okay on input line 10.
LaTeX Font Info:    Checking defaults for OT1/cmr/m/n on input line 10.
LaTeX Font Info:    ... okay on input line 10.
LaTeX Font Info:    Checking defaults for T1/cmr/m/n on input line 10.
LaTeX Font Info:    ... okay on input line 10.
LaTeX Font Info:    Checking defaults for TS1/cmr/m/n on input line 10.
LaTeX Font Info:    ... okay on input line 10.
LaTeX Font Info:    Checking defaults for OMX/cmex/m/n on input line 10.
LaTeX Font Info:    ... okay on input line 10.
LaTeX Font Info:    Checking defaults for U/cmr/m/n on input line 10.
LaTeX Font Info:    ... okay on input line 10.
LaTeX Font Info:    Checking defaults for PD1/pdf/m/n on input line 10.
LaTeX Font Info:    ... okay on input line 10.

(c:/Users/Alexander Van Werde/texlive/2020/texmf-dist/tex/context/base/mkii/sup
p-pdf.mkii
[Loading MPS to PDF converter (version 2006.09.02).]
\scratchcounter=\count365
\scratchdimen=\dimen307
\scratchbox=\box85
\nofMPsegments=\count366
\nofMParguments=\count367
\everyMPshowfont=\toks57
\MPscratchCnt=\count368
\MPscratchDim=\dimen308
\MPnumerator=\count369
\makeMPintoPDFobject=\count370
\everyMPtoPDFconversion=\toks58
)
(c:/Users/Alexander Van Werde/texlive/2020/texmf-dist/tex/latex/epstopdf-pkg/ep
stopdf-base.sty
Package: epstopdf-base 2020-01-24 v2.11 Base part for package epstopdf
Package epstopdf-base Info: Redefining graphics rule for `.eps' on input line 4
85.

(c:/Users/Alexander Van Werde/texlive/2020/texmf-dist/tex/latex/latexconfig/eps
topdf-sys.cfg
File: epstopdf-sys.cfg 2010/07/13 v1.3 Configuration of (r)epstopdf for TeX Liv
e
))
Package hyperref Info: Link coloring OFF on input line 10.

(c:/Users/Alexander Van Werde/texlive/2020/texmf-dist/tex/latex/hyperref/namere
f.sty
Package: nameref 2019/09/16 v2.46 Cross-referencing by name of section

(c:/Users/Alexander Van Werde/texlive/2020/texmf-dist/tex/latex/refcount/refcou
nt.sty
Package: refcount 2019/12/15 v3.6 Data extraction from label references (HO)
)
(c:/Users/Alexander Van Werde/texlive/2020/texmf-dist/tex/generic/gettitlestrin
g/gettitlestring.sty
Package: gettitlestring 2019/12/15 v1.6 Cleanup title references (HO)
)
\c@section@level=\count371
)
LaTeX Info: Redefining \ref on input line 10.
LaTeX Info: Redefining \pageref on input line 10.
LaTeX Info: Redefining \nameref on input line 10.
 (./Total.out) (./Total.out)
\@outlinefile=\write7
\openout7 = `Total.out'.

LaTeX Info: Redefining \microtypecontext on input line 10.
Package microtype Info: Generating PDF output.
Package microtype Info: Character protrusion enabled (level 2).
Package microtype Info: Using default protrusion set `alltext'.
Package microtype Info: Automatic font expansion enabled (level 2),
(microtype)             stretch: 10, shrink: 10, step: 1, non-selected.
Package microtype Info: Using default expansion set `basictext'.
LaTeX Info: Redefining \showhyphens on input line 10.
Package microtype Info: No adjustment of tracking.
Package microtype Info: No adjustment of interword spacing.
Package microtype Info: No adjustment of character kerning.

(c:/Users/Alexander Van Werde/texlive/2020/texmf-dist/tex/latex/microtype/mt-cm
r.cfg
File: mt-cmr.cfg 2013/05/19 v2.2 microtype config. file: Computer Modern Roman 
(RS)
)
Package caption Info: Begin \AtBeginDocument code.
Package caption Info: longtable package is loaded.

(c:/Users/Alexander Van Werde/texlive/2020/texmf-dist/tex/latex/caption/ltcapti
on.sty
Package: ltcaption 2020/05/30 v1.4b longtable captions (AR)
)
Package caption Info: supertabular package is loaded.
Package caption Info: End \AtBeginDocument code.

(c:/Users/Alexander Van Werde/texlive/2020/texmf-dist/tex/latex/siunitx/siunitx
-abbreviations.cfg
File: siunitx-abbreviations.cfg 2017/11/26 v2.7k siunitx: Abbreviated units
)
(c:/Users/Alexander Van Werde/texlive/2020/texmf-dist/tex/latex/translator/tran
slator-basic-dictionary-English.dict
Dictionary: translator-basic-dictionary, Language: English 
)
LaTeX Font Info:    Trying to load font information for U+msa on input line 10.


(c:/Users/Alexander Van Werde/texlive/2020/texmf-dist/tex/latex/amsfonts/umsa.f
d
File: umsa.fd 2013/01/14 v3.01 AMS symbols A
)
(c:/Users/Alexander Van Werde/texlive/2020/texmf-dist/tex/latex/microtype/mt-ms
a.cfg
File: mt-msa.cfg 2006/02/04 v1.1 microtype config. file: AMS symbols (a) (RS)
)
LaTeX Font Info:    Trying to load font information for U+msb on input line 10.


(c:/Users/Alexander Van Werde/texlive/2020/texmf-dist/tex/latex/amsfonts/umsb.f
d
File: umsb.fd 2013/01/14 v3.01 AMS symbols B
)
(c:/Users/Alexander Van Werde/texlive/2020/texmf-dist/tex/latex/microtype/mt-ms
b.cfg
File: mt-msb.cfg 2005/06/01 v1.0 microtype config. file: AMS symbols (b) (RS)
)
LaTeX Font Info:    Trying to load font information for U+rsfs on input line 10
.

(c:/Users/Alexander Van Werde/texlive/2020/texmf-dist/tex/latex/jknapltx/ursfs.
fd
File: ursfs.fd 1998/03/24 rsfs font definition file (jk)
)
LaTeX Font Info:    Trying to load font information for U+stmry on input line 1
0.

(c:/Users/Alexander Van Werde/texlive/2020/texmf-dist/tex/latex/stmaryrd/Ustmry
.fd)
Package microtype Info: Loading generic protrusion settings for font family
(microtype)             `cmss' (encoding: OT1).
(microtype)             For optimal results, create family-specific settings.
(microtype)             See the microtype manual for details.
Package microtype Info: Loading generic protrusion settings for font family
(microtype)             `cmtt' (encoding: OT1).
(microtype)             For optimal results, create family-specific settings.
(microtype)             See the microtype manual for details.
 (./Chapters/Chapter1.tex
Chapter 1.

Package hyperref Warning: Token not allowed in a PDF string (PDFDocEncoding):
(hyperref)                removing `math shift' on input line 1.


Package hyperref Warning: Token not allowed in a PDF string (PDFDocEncoding):
(hyperref)                removing `subscript' on input line 1.


Package hyperref Warning: Token not allowed in a PDF string (PDFDocEncoding):
(hyperref)                removing `math shift' on input line 1.

) [1

\openout4 = `Total.ist'.


{c:/Users/Alexander Van Werde/texlive/2020/texmf-var/fonts/map/pdftex/updmap/pd
ftex.map}] [2

] (./Chapters/Chapter2.tex
Chapter 2.

Package hyperref Warning: Token not allowed in a PDF string (PDFDocEncoding):
(hyperref)                removing `math shift' on input line 1.


Package hyperref Warning: Token not allowed in a PDF string (PDFDocEncoding):
(hyperref)                removing `subscript' on input line 1.


Package hyperref Warning: Token not allowed in a PDF string (PDFDocEncoding):
(hyperref)                removing `superscript' on input line 1.


Package hyperref Warning: Token not allowed in a PDF string (PDFDocEncoding):
(hyperref)                removing `math shift' on input line 1.

Package hyperref Info: bookmark level for unknown todo defaults to 0 on input l
ine 2.

LaTeX Warning: Marginpar on page 3 moved.


Package hyperref Warning: Token not allowed in a PDF string (PDFDocEncoding):
(hyperref)                removing `math shift' on input line 8.


Package hyperref Warning: Token not allowed in a PDF string (PDFDocEncoding):
(hyperref)                removing `subscript' on input line 8.


Package hyperref Warning: Token not allowed in a PDF string (PDFDocEncoding):
(hyperref)                removing `superscript' on input line 8.


Package hyperref Warning: Token not allowed in a PDF string (PDFDocEncoding):
(hyperref)                removing `math shift' on input line 8.


Package hyperref Warning: Token not allowed in a PDF string (PDFDocEncoding):
(hyperref)                removing `math shift' on input line 25.


Package hyperref Warning: Token not allowed in a PDF string (PDFDocEncoding):
(hyperref)                removing `subscript' on input line 25.


Package hyperref Warning: Token not allowed in a PDF string (PDFDocEncoding):
(hyperref)                removing `superscript' on input line 25.


Package hyperref Warning: Token not allowed in a PDF string (PDFDocEncoding):
(hyperref)                removing `math shift' on input line 25.

[3

]
Overfull \hbox (10.35838pt too wide) in paragraph at lines 65--66
[]\OT1/cmr/m/n/12 (-10) See []$\OT1/cmtt/m/n/12 http : / / www . math . stonybr
ook . edu / []cschnell / mat615 / lectures / lecture17 .
 []


Overfull \hbox (10.35838pt too wide) in paragraph at lines 81--82
[]\OT1/cmr/m/n/12 (-10) See []$\OT1/cmtt/m/n/12 http : / / www . math . stonybr
ook . edu / []cschnell / mat615 / lectures / lecture18 .
 []

[4]) [5] [6] (./Total.bbl) [7


] [8

] [9

] (./Backmatter/Back.tex
<Figures/sedes.png, id=159, 402.5439pt x 683.6742pt>
File: Figures/sedes.png Graphic file (type png)
<use Figures/sedes.png>
Package pdftex.def Info: Figures/sedes.png  used on input line 34.
(pdftex.def)             Requested size: 27.64043pt x 46.94704pt.

Overfull \hbox (18.18004pt too wide) in paragraph at lines 38--39
[][][] 
 []

)

Package glossaries Warning: No \printglossary or \printglossaries found. 
(Remove \makeglossaries if you don't want any glossaries.) 
This document will not have a glossary.

[10 <./Figures/sedes.png>] (./Total.aux)
Package rerunfilecheck Info: File `Total.out' has not changed.
(rerunfilecheck)             Checksum: 5CF7BAE68F99C48E4E134BB5ABD527AC;345.
 ) 
Here is how much of TeX's memory you used:
 33875 strings out of 479918
 696570 string characters out of 5873784
 1127277 words of memory out of 5000000
 49687 multiletter control sequences out of 15000+600000
 565406 words of font info for 165 fonts, out of 8000000 for 9000
 1141 hyphenation exceptions out of 8191
 135i,15n,137p,1001b,1115s stack positions out of 5000i,500n,10000p,200000b,80000s
<c:/Users/Alexander Van Werde/texlive/2020/texmf-dist/fonts/type1/public/amsf
onts/cm/cmbx12.pfb><c:/Users/Alexander Van Werde/texlive/2020/texmf-dist/fonts/
type1/public/amsfonts/cm/cmex10.pfb><c:/Users/Alexander Van Werde/texlive/2020/
texmf-dist/fonts/type1/public/amsfonts/cmextra/cmex8.pfb><c:/Users/Alexander Va
n Werde/texlive/2020/texmf-dist/fonts/type1/public/amsfonts/cm/cmmi10.pfb><c:/U
sers/Alexander Van Werde/texlive/2020/texmf-dist/fonts/type1/public/amsfonts/cm
/cmmi12.pfb><c:/Users/Alexander Van Werde/texlive/2020/texmf-dist/fonts/type1/p
ublic/amsfonts/cm/cmmi6.pfb><c:/Users/Alexander Van Werde/texlive/2020/texmf-di
st/fonts/type1/public/amsfonts/cm/cmmi8.pfb><c:/Users/Alexander Van Werde/texli
ve/2020/texmf-dist/fonts/type1/public/amsfonts/cm/cmmib10.pfb><c:/Users/Alexand
er Van Werde/texlive/2020/texmf-dist/fonts/type1/public/amsfonts/cm/cmr12.pfb><
c:/Users/Alexander Van Werde/texlive/2020/texmf-dist/fonts/type1/public/amsfont
s/cm/cmr6.pfb><c:/Users/Alexander Van Werde/texlive/2020/texmf-dist/fonts/type1
/public/amsfonts/cm/cmr8.pfb><c:/Users/Alexander Van Werde/texlive/2020/texmf-d
ist/fonts/type1/public/amsfonts/cm/cmsl12.pfb><c:/Users/Alexander Van Werde/tex
live/2020/texmf-dist/fonts/type1/public/amsfonts/cm/cmss8.pfb><c:/Users/Alexand
er Van Werde/texlive/2020/texmf-dist/fonts/type1/public/amsfonts/cm/cmssbx10.pf
b><c:/Users/Alexander Van Werde/texlive/2020/texmf-dist/fonts/type1/public/amsf
onts/cm/cmsy10.pfb><c:/Users/Alexander Van Werde/texlive/2020/texmf-dist/fonts/
type1/public/amsfonts/cm/cmsy6.pfb><c:/Users/Alexander Van Werde/texlive/2020/t
exmf-dist/fonts/type1/public/amsfonts/cm/cmsy8.pfb><c:/Users/Alexander Van Werd
e/texlive/2020/texmf-dist/fonts/type1/public/amsfonts/cm/cmti12.pfb><c:/Users/A
lexander Van Werde/texlive/2020/texmf-dist/fonts/type1/public/amsfonts/cm/cmtt1
2.pfb><c:/Users/Alexander Van Werde/texlive/2020/texmf-dist/fonts/type1/public/
amsfonts/symbols/msbm10.pfb><c:/Users/Alexander Van Werde/texlive/2020/texmf-di
st/fonts/type1/public/rsfs/rsfs10.pfb>
Output written on Total.pdf (10 pages, 334962 bytes).
PDF statistics:
 246 PDF objects out of 1000 (max. 8388607)
 193 compressed objects within 2 object streams
 42 named destinations out of 1000 (max. 500000)
 32416 words of extra memory for PDF output out of 35830 (max. 10000000)

